<?xml version="1.0" encoding="UTF-8"?>
<!-- Generated by org.testng.reporters.JUnitReportReporter -->
<testsuite hostname="timur-Aspire" failures="0" tests="1" name="com.demoa.tests.TextBoxTests" time="12.663" errors="0" timestamp="2023-12-19T12:38:26 CET" skipped="0">
  <testcase classname="com.demoa.tests.TextBoxTests" name="keyBoardEventTest" time="12.663"/>
</testsuite> <!-- com.demoa.tests.TextBoxTests -->
